{"uid":"c4b3ead8774b11ad","name":"test_search_result","fullName":"Tests.Steam_website.Steam_HomePage_test.HomePage_Search_Tests_0_chrome#test_search_result","historyId":"01115855e4963971fe8b27ee363d87c1","time":{"start":1711285862691,"stop":1711286162738,"duration":300047},"status":"broken","statusMessage":"selenium.common.exceptions.SessionNotCreatedException: Message: Could not start a new session. New session request timed out \nHost info: host: 'fv-az731-120', ip: '10.1.0.13'\nBuild info: version: '4.18.1', revision: 'b1d3319b48'\nSystem info: os.name: 'Windows Server 2022', os.arch: 'amd64', os.version: '10.0', java.version: '21.0.2'\nDriver info: driver.version: unknown\nStacktrace:\n    at org.openqa.selenium.grid.sessionqueue.local.LocalNewSessionQueue.addToQueue (LocalNewSessionQueue.java:221)\n    at org.openqa.selenium.grid.sessionqueue.NewSessionQueue.lambda$new$0 (NewSessionQueue.java:68)\n    at org.openqa.selenium.remote.http.Route$TemplatizedRoute.handle (Route.java:192)\n    at org.openqa.selenium.remote.http.Route.execute (Route.java:69)\n    at org.openqa.selenium.remote.http.Route$CombinedRoute.handle (Route.java:346)\n    at org.openqa.selenium.remote.http.Route.execute (Route.java:69)\n    at org.openqa.selenium.grid.sessionqueue.NewSessionQueue.execute (NewSessionQueue.java:128)\n    at org.openqa.selenium.remote.tracing.SpanWrappedHttpHandler.execute (SpanWrappedHttpHandler.java:87)\n    at org.openqa.selenium.remote.http.Filter$1.execute (Filter.java:63)\n    at org.openqa.selenium.remote.http.Route$CombinedRoute.handle (Route.java:346)\n    at org.openqa.selenium.remote.http.Route.execute (Route.java:69)\n    at org.openqa.selenium.grid.router.Router.execute (Router.java:87)\n    at org.openqa.selenium.grid.web.CheckOriginHeader.lambda$apply$0 (CheckOriginHeader.java:69)\n    at org.openqa.selenium.grid.web.CheckContentTypeHeader.lambda$apply$0 (CheckContentTypeHeader.java:75)\n    at org.openqa.selenium.grid.web.EnsureSpecCompliantResponseHeaders.lambda$apply$0 (EnsureSpecCompliantResponseHeaders.java:34)\n    at org.openqa.selenium.remote.http.Filter$1.execute (Filter.java:63)\n    at org.openqa.selenium.remote.http.Route$CombinedRoute.handle (Route.java:346)\n    at org.openqa.selenium.remote.http.Route.execute (Route.java:69)\n    at org.openqa.selenium.remote.http.Route$NestedRoute.handle (Route.java:270)\n    at org.openqa.selenium.remote.http.Route.execute (Route.java:69)\n    at org.openqa.selenium.remote.http.Route$CombinedRoute.handle (Route.java:346)\n    at org.openqa.selenium.remote.http.Route.execute (Route.java:69)\n    at org.openqa.selenium.remote.http.Route$CombinedRoute.handle (Route.java:346)\n    at org.openqa.selenium.remote.http.Route.execute (Route.java:69)\n    at org.openqa.selenium.remote.http.Route$CombinedRoute.handle (Route.java:346)\n    at org.openqa.selenium.remote.http.Route.execute (Route.java:69)\n    at org.openqa.selenium.remote.http.Route$CombinedRoute.handle (Route.java:346)\n    at org.openqa.selenium.remote.http.Route.execute (Route.java:69)\n    at org.openqa.selenium.remote.AddWebDriverSpecHeaders.lambda$apply$0 (AddWebDriverSpecHeaders.java:35)\n    at org.openqa.selenium.remote.ErrorFilter.lambda$apply$0 (ErrorFilter.java:44)\n    at org.openqa.selenium.remote.http.Filter$1.execute (Filter.java:63)\n    at org.openqa.selenium.remote.ErrorFilter.lambda$apply$0 (ErrorFilter.java:44)\n    at org.openqa.selenium.remote.http.Filter$1.execute (Filter.java:63)\n    at org.openqa.selenium.netty.server.SeleniumHandler.lambda$channelRead0$0 (SeleniumHandler.java:44)\n    at java.util.concurrent.Executors$RunnableAdapter.call (Executors.java:572)\n    at java.util.concurrent.FutureTask.run (FutureTask.java:317)\n    at java.util.concurrent.ThreadPoolExecutor.runWorker (ThreadPoolExecutor.java:1144)\n    at java.util.concurrent.ThreadPoolExecutor$Worker.run (ThreadPoolExecutor.java:642)\n    at java.lang.Thread.run (Thread.java:1583)","statusTrace":"self = <Steam_HomePage_test.HomePage_Search_Tests_0_chrome testMethod=test_search_result>\n\n    def setUp(self):\n        self.Driver = BrowserWrapper().get_browser(self.browser)\n>       self.current_page = Home_page(self.Driver)\n\nTests\\Steam_website\\Steam_HomePage_test.py:18: \n_ _ _ _ _ _ _ _ _ _ _ _ _ _ _ _ _ _ _ _ _ _ _ _ _ _ _ _ _ _ _ _ _ _ _ _ _ _ _ _\nLogic\\Website\\Home_Page.py:18: in __init__\n    super().__init__(driver)\nLogic\\Website\\Website_Page.py:10: in __init__\n    super().__init__(cap)\nInfra\\Driver_instance.py:14: in __init__\n    self.driver = driver[0](**driver[1])\nC:\\hostedtoolcache\\windows\\Python\\3.9.13\\x64\\lib\\site-packages\\selenium\\webdriver\\remote\\webdriver.py:208: in __init__\n    self.start_session(capabilities)\nC:\\hostedtoolcache\\windows\\Python\\3.9.13\\x64\\lib\\site-packages\\selenium\\webdriver\\remote\\webdriver.py:292: in start_session\n    response = self.execute(Command.NEW_SESSION, caps)[\"value\"]\nC:\\hostedtoolcache\\windows\\Python\\3.9.13\\x64\\lib\\site-packages\\selenium\\webdriver\\remote\\webdriver.py:347: in execute\n    self.error_handler.check_response(response)\n_ _ _ _ _ _ _ _ _ _ _ _ _ _ _ _ _ _ _ _ _ _ _ _ _ _ _ _ _ _ _ _ _ _ _ _ _ _ _ _\n\nself = <selenium.webdriver.remote.errorhandler.ErrorHandler object at 0x000001973B9BD5E0>\nresponse = {'status': 500, 'value': '{\\n  \"value\": {\\n    \"error\": \"session not created\",\\n    \"message\": \"Could not start a new ...className\": \"java.lang.Thread\",\\n        \"lineNumber\": 1583,\\n        \"classLoaderName\": null\\n      }\\n    ]\\n  }\\n}'}\n\n    def check_response(self, response: Dict[str, Any]) -> None:\n        \"\"\"Checks that a JSON response from the WebDriver does not have an\n        error.\n    \n        :Args:\n         - response - The JSON response from the WebDriver server as a dictionary\n           object.\n    \n        :Raises: If the response contains an error message.\n        \"\"\"\n        status = response.get(\"status\", None)\n        if not status or status == ErrorCode.SUCCESS:\n            return\n        value = None\n        message = response.get(\"message\", \"\")\n        screen: str = response.get(\"screen\", \"\")\n        stacktrace = None\n        if isinstance(status, int):\n            value_json = response.get(\"value\", None)\n            if value_json and isinstance(value_json, str):\n                import json\n    \n                try:\n                    value = json.loads(value_json)\n                    if len(value) == 1:\n                        value = value[\"value\"]\n                    status = value.get(\"error\", None)\n                    if not status:\n                        status = value.get(\"status\", ErrorCode.UNKNOWN_ERROR)\n                        message = value.get(\"value\") or value.get(\"message\")\n                        if not isinstance(message, str):\n                            value = message\n                            message = message.get(\"message\")\n                    else:\n                        message = value.get(\"message\", None)\n                except ValueError:\n                    pass\n    \n        exception_class: Type[WebDriverException]\n        e = ErrorCode()\n        error_codes = [item for item in dir(e) if not item.startswith(\"__\")]\n        for error_code in error_codes:\n            error_info = getattr(ErrorCode, error_code)\n            if isinstance(error_info, list) and status in error_info:\n                exception_class = getattr(ExceptionMapping, error_code, WebDriverException)\n                break\n        else:\n            exception_class = WebDriverException\n    \n        if not value:\n            value = response[\"value\"]\n        if isinstance(value, str):\n            raise exception_class(value)\n        if message == \"\" and \"message\" in value:\n            message = value[\"message\"]\n    \n        screen = None  # type: ignore[assignment]\n        if \"screen\" in value:\n            screen = value[\"screen\"]\n    \n        stacktrace = None\n        st_value = value.get(\"stackTrace\") or value.get(\"stacktrace\")\n        if st_value:\n            if isinstance(st_value, str):\n                stacktrace = st_value.split(\"\\n\")\n            else:\n                stacktrace = []\n                try:\n                    for frame in st_value:\n                        line = frame.get(\"lineNumber\", \"\")\n                        file = frame.get(\"fileName\", \"<anonymous>\")\n                        if line:\n                            file = f\"{file}:{line}\"\n                        meth = frame.get(\"methodName\", \"<anonymous>\")\n                        if \"className\" in frame:\n                            meth = f\"{frame['className']}.{meth}\"\n                        msg = \"    at %s (%s)\"\n                        msg = msg % (meth, file)\n                        stacktrace.append(msg)\n                except TypeError:\n                    pass\n        if exception_class == UnexpectedAlertPresentException:\n            alert_text = None\n            if \"data\" in value:\n                alert_text = value[\"data\"].get(\"text\")\n            elif \"alert\" in value:\n                alert_text = value[\"alert\"].get(\"text\")\n            raise exception_class(message, screen, stacktrace, alert_text)  # type: ignore[call-arg]  # mypy is not smart enough here\n>       raise exception_class(message, screen, stacktrace)\nE       selenium.common.exceptions.SessionNotCreatedException: Message: Could not start a new session. New session request timed out \nE       Host info: host: 'fv-az731-120', ip: '10.1.0.13'\nE       Build info: version: '4.18.1', revision: 'b1d3319b48'\nE       System info: os.name: 'Windows Server 2022', os.arch: 'amd64', os.version: '10.0', java.version: '21.0.2'\nE       Driver info: driver.version: unknown\nE       Stacktrace:\nE           at org.openqa.selenium.grid.sessionqueue.local.LocalNewSessionQueue.addToQueue (LocalNewSessionQueue.java:221)\nE           at org.openqa.selenium.grid.sessionqueue.NewSessionQueue.lambda$new$0 (NewSessionQueue.java:68)\nE           at org.openqa.selenium.remote.http.Route$TemplatizedRoute.handle (Route.java:192)\nE           at org.openqa.selenium.remote.http.Route.execute (Route.java:69)\nE           at org.openqa.selenium.remote.http.Route$CombinedRoute.handle (Route.java:346)\nE           at org.openqa.selenium.remote.http.Route.execute (Route.java:69)\nE           at org.openqa.selenium.grid.sessionqueue.NewSessionQueue.execute (NewSessionQueue.java:128)\nE           at org.openqa.selenium.remote.tracing.SpanWrappedHttpHandler.execute (SpanWrappedHttpHandler.java:87)\nE           at org.openqa.selenium.remote.http.Filter$1.execute (Filter.java:63)\nE           at org.openqa.selenium.remote.http.Route$CombinedRoute.handle (Route.java:346)\nE           at org.openqa.selenium.remote.http.Route.execute (Route.java:69)\nE           at org.openqa.selenium.grid.router.Router.execute (Router.java:87)\nE           at org.openqa.selenium.grid.web.CheckOriginHeader.lambda$apply$0 (CheckOriginHeader.java:69)\nE           at org.openqa.selenium.grid.web.CheckContentTypeHeader.lambda$apply$0 (CheckContentTypeHeader.java:75)\nE           at org.openqa.selenium.grid.web.EnsureSpecCompliantResponseHeaders.lambda$apply$0 (EnsureSpecCompliantResponseHeaders.java:34)\nE           at org.openqa.selenium.remote.http.Filter$1.execute (Filter.java:63)\nE           at org.openqa.selenium.remote.http.Route$CombinedRoute.handle (Route.java:346)\nE           at org.openqa.selenium.remote.http.Route.execute (Route.java:69)\nE           at org.openqa.selenium.remote.http.Route$NestedRoute.handle (Route.java:270)\nE           at org.openqa.selenium.remote.http.Route.execute (Route.java:69)\nE           at org.openqa.selenium.remote.http.Route$CombinedRoute.handle (Route.java:346)\nE           at org.openqa.selenium.remote.http.Route.execute (Route.java:69)\nE           at org.openqa.selenium.remote.http.Route$CombinedRoute.handle (Route.java:346)\nE           at org.openqa.selenium.remote.http.Route.execute (Route.java:69)\nE           at org.openqa.selenium.remote.http.Route$CombinedRoute.handle (Route.java:346)\nE           at org.openqa.selenium.remote.http.Route.execute (Route.java:69)\nE           at org.openqa.selenium.remote.http.Route$CombinedRoute.handle (Route.java:346)\nE           at org.openqa.selenium.remote.http.Route.execute (Route.java:69)\nE           at org.openqa.selenium.remote.AddWebDriverSpecHeaders.lambda$apply$0 (AddWebDriverSpecHeaders.java:35)\nE           at org.openqa.selenium.remote.ErrorFilter.lambda$apply$0 (ErrorFilter.java:44)\nE           at org.openqa.selenium.remote.http.Filter$1.execute (Filter.java:63)\nE           at org.openqa.selenium.remote.ErrorFilter.lambda$apply$0 (ErrorFilter.java:44)\nE           at org.openqa.selenium.remote.http.Filter$1.execute (Filter.java:63)\nE           at org.openqa.selenium.netty.server.SeleniumHandler.lambda$channelRead0$0 (SeleniumHandler.java:44)\nE           at java.util.concurrent.Executors$RunnableAdapter.call (Executors.java:572)\nE           at java.util.concurrent.FutureTask.run (FutureTask.java:317)\nE           at java.util.concurrent.ThreadPoolExecutor.runWorker (ThreadPoolExecutor.java:1144)\nE           at java.util.concurrent.ThreadPoolExecutor$Worker.run (ThreadPoolExecutor.java:642)\nE           at java.lang.Thread.run (Thread.java:1583)\n\nC:\\hostedtoolcache\\windows\\Python\\3.9.13\\x64\\lib\\site-packages\\selenium\\webdriver\\remote\\errorhandler.py:229: SessionNotCreatedException","flaky":false,"newFailed":false,"newBroken":true,"newPassed":false,"retriesCount":0,"retriesStatusChange":false,"beforeStages":[{"name":"_unittest_setUpClass_fixture_HomePage_Search_Tests_0_chrome","time":{"start":1711285815829,"stop":1711285815829,"duration":0},"status":"passed","steps":[],"attachments":[],"parameters":[],"stepsCount":0,"attachmentStep":false,"hasContent":false,"shouldDisplayMessage":false,"attachmentsCount":0}],"afterStages":[{"name":"_unittest_setUpClass_fixture_HomePage_Search_Tests_0_chrome::0","time":{"start":1711286162769,"stop":1711286162769,"duration":0},"status":"passed","steps":[],"attachments":[],"parameters":[],"stepsCount":0,"attachmentStep":false,"hasContent":false,"shouldDisplayMessage":false,"attachmentsCount":0}],"labels":[{"name":"parentSuite","value":"Tests.Steam_website"},{"name":"suite","value":"Steam_HomePage_test"},{"name":"subSuite","value":"HomePage_Search_Tests_0_chrome"},{"name":"host","value":"fv-az731-120"},{"name":"thread","value":"1012-MainThread"},{"name":"framework","value":"pytest"},{"name":"language","value":"cpython3"},{"name":"package","value":"Tests.Steam_website.Steam_HomePage_test"},{"name":"resultFormat","value":"allure2"}],"parameters":[],"links":[],"hidden":false,"retry":false,"extra":{"severity":"normal","retries":[],"categories":[{"name":"Test defects","matchedStatuses":[],"flaky":false}],"history":{"statistic":{"failed":7,"broken":1,"skipped":0,"passed":3,"unknown":0,"total":11},"items":[{"uid":"b1b7503a64089c5c","reportUrl":"https://jameel978.github.io/Steam-Automation-Project/allure-action/Beta/allure-report/8409448008_1711285132398/#testresult/b1b7503a64089c5c","status":"failed","statusDetails":"AssertionError: 'Eldeng' != 'Elden ring'\n- Eldeng\n+ Elden ring\n?      ++++\n : Failed Search Test","time":{"start":1711285071351,"stop":1711285080945,"duration":9594}},{"uid":"7840eb207c245285","reportUrl":"https://jameel978.github.io/Steam-Automation-Project/allure-action/Beta/allure-report/8409309064_1711283799364/#testresult/7840eb207c245285","status":"failed","statusDetails":"AssertionError: 'Eldeng' != 'Elden ring'\n- Eldeng\n+ Elden ring\n?      ++++\n : Failed Search Test","time":{"start":1711283734491,"stop":1711283744702,"duration":10211}},{"uid":"9b3b2d526fe776f6","reportUrl":"https://jameel978.github.io/Steam-Automation-Project/allure-action/Beta/allure-report/8409036412_1711280908806/#testresult/9b3b2d526fe776f6","status":"failed","statusDetails":"AssertionError: 'Eldeng' != 'Elden ring'\n- Eldeng\n+ Elden ring\n?      ++++\n : Failed Search Test","time":{"start":1711280869965,"stop":1711280880174,"duration":10209}},{"uid":"a33b46bd4ba8b759","reportUrl":"https://jameel978.github.io/Steam-Automation-Project/allure-action/Beta/allure-report/8408664919_1711276473303/#testresult/a33b46bd4ba8b759","status":"failed","statusDetails":"AssertionError: 'Eldeng' != 'Elden ring'\n- Eldeng\n+ Elden ring\n?      ++++\n : Failed Search Test","time":{"start":1711276414225,"stop":1711276421944,"duration":7719}},{"uid":"31d7aaccc60ae28d","reportUrl":"https://jameel978.github.io/Steam-Automation-Project/allure-action/Beta/allure-report/8408546132_1711275309718/#testresult/31d7aaccc60ae28d","status":"failed","statusDetails":"AssertionError: 'Eldeng' != 'Elden ring'\n- Eldeng\n+ Elden ring\n?      ++++\n : Failed Search Test","time":{"start":1711275249387,"stop":1711275256980,"duration":7593}},{"uid":"f02987824ff63bfd","reportUrl":"https://jameel978.github.io/Steam-Automation-Project/allure-action/Beta/allure-report/8408437078_1711274109174/#testresult/f02987824ff63bfd","status":"failed","statusDetails":"AssertionError: 'Eldeng' != 'Elden ring'\n- Eldeng\n+ Elden ring\n?      ++++\n : Failed Search Test","time":{"start":1711274048221,"stop":1711274057130,"duration":8909}},{"uid":"7ec9f9b4ba993515","reportUrl":"https://jameel978.github.io/Steam-Automation-Project/allure-action/Beta/allure-report/8408370849_1711273156317/#testresult/7ec9f9b4ba993515","status":"failed","statusDetails":"AssertionError: 'Eldeng' != 'Elden ring'\n- Eldeng\n+ Elden ring\n?      ++++\n : Failed Search Test","time":{"start":1711273096693,"stop":1711273104218,"duration":7525}},{"uid":"a25eab35aa64db93","reportUrl":"https://jameel978.github.io/Steam-Automation-Project/allure-action/Beta/allure-report/8408305957_1711272355648/#testresult/a25eab35aa64db93","status":"passed","time":{"start":1711272300235,"stop":1711272307500,"duration":7265}},{"uid":"5ceff8e52ef98677","reportUrl":"https://jameel978.github.io/Steam-Automation-Project/allure-action/Beta/allure-report/8408135779_1711270339669/#testresult/5ceff8e52ef98677","status":"passed","time":{"start":1711270291946,"stop":1711270297590,"duration":5644}},{"uid":"ac9d4ca26548c9b1","reportUrl":"https://jameel978.github.io/Steam-Automation-Project/allure-action/Beta/allure-report/8408102958_1711269917643/#testresult/ac9d4ca26548c9b1","status":"passed","time":{"start":1711269863633,"stop":1711269870761,"duration":7128}}]},"tags":[]},"source":"c4b3ead8774b11ad.json","parameterValues":[]}